<?xml version="1.0" encoding="UTF-8"?>
<testsuite xmlns:xsi="http://www.w3.org/2001/XMLSchema-instance" xsi:noNamespaceSchemaLocation="https://maven.apache.org/surefire/maven-surefire-plugin/xsd/surefire-test-report-3.0.xsd" version="3.0" name="com.example.customer.CustomerServiceTest" time="2.509" tests="3" errors="0" skipped="0" failures="0">
  <properties>
[...]
</properties>
  <testcase name="testProcessDeliveryNotification" classname="com.example.customer.CustomerServiceTest" time="0.354">
    <system-out><![CDATA[&amp#27;[2m2025-04-05T21:14:14.041+02:00&amp#27;[0;39m &amp#27;[32m INFO&amp#27;[0;39m &amp#27;[35m71730&amp#27;[0;39m &amp#27;[2m---&amp#27;[0;39m &amp#27;[2m[           main]&amp#27;[0;39m &amp#27;[36mt.c.s.AnnotationConfigContextLoaderUtils&amp#27;[0;39m &amp#27;[2m:&amp#27;[0;39m Could not detect default configuration classes for test class [com.example.customer.CustomerServiceTest]: CustomerServiceTest does not declare any static, non-private, non-final, nested classes annotated with @Configuration.
&amp#27;[2m2025-04-05T21:14:14.042+02:00&amp#27;[0;39m &amp#27;[32m INFO&amp#27;[0;39m &amp#27;[35m71730&amp#27;[0;39m &amp#27;[2m---&amp#27;[0;39m &amp#27;[2m[           main]&amp#27;[0;39m &amp#27;[36m.b.t.c.SpringBootTestContextBootstrapper&amp#27;[0;39m &amp#27;[2m:&amp#27;[0;39m Found @SpringBootConfiguration com.example.customer.CustomerApplication for test class com.example.customer.CustomerServiceTest

  .   ____          _            __ _ _
 /\\ / ___'_ __ _ _(_)_ __  __ _ \ \ \ \
( ( )\___ | '_ | '_| | '_ \/ _` | \ \ \ \
 \\/  ___)| |_)| | | | | || (_| |  ) ) ) )
  '  |____| .__|_| |_|_| |_\__, | / / / /
 =========|_|==============|___/=/_/_/_/
&amp#27;[32m :: Spring Boot :: &amp#27;[39m              &amp#27;[2m (v3.1.5)&amp#27;[0;39m

&amp#27;[2m2025-04-05T21:14:14.055+02:00&amp#27;[0;39m &amp#27;[32m INFO&amp#27;[0;39m &amp#27;[35m71730&amp#27;[0;39m &amp#27;[2m---&amp#27;[0;39m &amp#27;[2m[           main]&amp#27;[0;39m &amp#27;[36mc.example.customer.CustomerServiceTest  &amp#27;[0;39m &amp#27;[2m:&amp#27;[0;39m Starting CustomerServiceTest using Java 23 with PID 71730 (started by qiming in /Users/qiming/OnlineMarketLibrary/KafkaSpringbootImplementation/customerService)
&amp#27;[2m2025-04-05T21:14:14.055+02:00&amp#27;[0;39m &amp#27;[32m INFO&amp#27;[0;39m &amp#27;[35m71730&amp#27;[0;39m &amp#27;[2m---&amp#27;[0;39m &amp#27;[2m[           main]&amp#27;[0;39m &amp#27;[36mc.example.customer.CustomerServiceTest  &amp#27;[0;39m &amp#27;[2m:&amp#27;[0;39m No active profile set, falling back to 1 default profile: "default"
&amp#27;[2m2025-04-05T21:14:14.103+02:00&amp#27;[0;39m &amp#27;[32m INFO&amp#27;[0;39m &amp#27;[35m71730&amp#27;[0;39m &amp#27;[2m---&amp#27;[0;39m &amp#27;[2m[           main]&amp#27;[0;39m &amp#27;[36m.s.d.r.c.RepositoryConfigurationDelegate&amp#27;[0;39m &amp#27;[2m:&amp#27;[0;39m Multiple Spring Data modules found, entering strict repository configuration mode
&amp#27;[2m2025-04-05T21:14:14.103+02:00&amp#27;[0;39m &amp#27;[32m INFO&amp#27;[0;39m &amp#27;[35m71730&amp#27;[0;39m &amp#27;[2m---&amp#27;[0;39m &amp#27;[2m[           main]&amp#27;[0;39m &amp#27;[36m.s.d.r.c.RepositoryConfigurationDelegate&amp#27;[0;39m &amp#27;[2m:&amp#27;[0;39m Bootstrapping Spring Data Redis repositories in DEFAULT mode.
&amp#27;[2m2025-04-05T21:14:14.104+02:00&amp#27;[0;39m &amp#27;[32m INFO&amp#27;[0;39m &amp#27;[35m71730&amp#27;[0;39m &amp#27;[2m---&amp#27;[0;39m &amp#27;[2m[           main]&amp#27;[0;39m &amp#27;[36m.s.d.r.c.RepositoryConfigurationDelegate&amp#27;[0;39m &amp#27;[2m:&amp#27;[0;39m Finished Spring Data repository scanning in 1 ms. Found 0 Redis repository interfaces.
&amp#27;[2m2025-04-05T21:14:14.163+02:00&amp#27;[0;39m &amp#27;[32m INFO&amp#27;[0;39m &amp#27;[35m71730&amp#27;[0;39m &amp#27;[2m---&amp#27;[0;39m &amp#27;[2m[           main]&amp#27;[0;39m &amp#27;[36mo.a.k.clients.consumer.ConsumerConfig   &amp#27;[0;39m &amp#27;[2m:&amp#27;[0;39m ConsumerConfig values: 
	allow.auto.create.topics = true
	auto.commit.interval.ms = 5000
	auto.include.jmx.reporter = true
	auto.offset.reset = latest
	bootstrap.servers = [localhost:9092]
	check.crcs = true
	client.dns.lookup = use_all_dns_ips
	client.id = consumer-customer-group-4
	client.rack = 
	connections.max.idle.ms = 540000
	default.api.timeout.ms = 60000
	enable.auto.commit = false
	exclude.internal.topics = true
	fetch.max.bytes = 52428800
	fetch.max.wait.ms = 500
	fetch.min.bytes = 1
	group.id = customer-group
	group.instance.id = null
	heartbeat.interval.ms = 3000
	interceptor.classes = []
	internal.leave.group.on.close = true
	internal.throw.on.fetch.stable.offset.unsupported = false
	isolation.level = read_uncommitted
	key.deserializer = class org.apache.kafka.common.serialization.StringDeserializer
	max.partition.fetch.bytes = 1048576
	max.poll.interval.ms = 300000
	max.poll.records = 500
	metadata.max.age.ms = 300000
	metric.reporters = []
	metrics.num.samples = 2
	metrics.recording.level = INFO
	metrics.sample.window.ms = 30000
	partition.assignment.strategy = [class org.apache.kafka.clients.consumer.RangeAssignor, class org.apache.kafka.clients.consumer.CooperativeStickyAssignor]
	receive.buffer.bytes = 65536
	reconnect.backoff.max.ms = 1000
	reconnect.backoff.ms = 50
	request.timeout.ms = 30000
	retry.backoff.ms = 100
	sasl.client.callback.handler.class = null
	sasl.jaas.config = null
	sasl.kerberos.kinit.cmd = /usr/bin/kinit
	sasl.kerberos.min.time.before.relogin = 60000
	sasl.kerberos.service.name = null
	sasl.kerberos.ticket.renew.jitter = 0.05
	sasl.kerberos.ticket.renew.window.factor = 0.8
	sasl.login.callback.handler.class = null
	sasl.login.class = null
	sasl.login.connect.timeout.ms = null
	sasl.login.read.timeout.ms = null
	sasl.login.refresh.buffer.seconds = 300
	sasl.login.refresh.min.period.seconds = 60
	sasl.login.refresh.window.factor = 0.8
	sasl.login.refresh.window.jitter = 0.05
	sasl.login.retry.backoff.max.ms = 10000
	sasl.login.retry.backoff.ms = 100
	sasl.mechanism = GSSAPI
	sasl.oauthbearer.clock.skew.seconds = 30
	sasl.oauthbearer.expected.audience = null
	sasl.oauthbearer.expected.issuer = null
	sasl.oauthbearer.jwks.endpoint.refresh.ms = 3600000
	sasl.oauthbearer.jwks.endpoint.retry.backoff.max.ms = 10000
	sasl.oauthbearer.jwks.endpoint.retry.backoff.ms = 100
	sasl.oauthbearer.jwks.endpoint.url = null
	sasl.oauthbearer.scope.claim.name = scope
	sasl.oauthbearer.sub.claim.name = sub
	sasl.oauthbearer.token.endpoint.url = null
	security.protocol = PLAINTEXT
	security.providers = null
	send.buffer.bytes = 131072
	session.timeout.ms = 45000
	socket.connection.setup.timeout.max.ms = 30000
	socket.connection.setup.timeout.ms = 10000
	ssl.cipher.suites = null
	ssl.enabled.protocols = [TLSv1.2, TLSv1.3]
	ssl.endpoint.identification.algorithm = https
	ssl.engine.factory.class = null
	ssl.key.password = null
	ssl.keymanager.algorithm = SunX509
	ssl.keystore.certificate.chain = null
	ssl.keystore.key = null
	ssl.keystore.location = null
	ssl.keystore.password = null
	ssl.keystore.type = JKS
	ssl.protocol = TLSv1.3
	ssl.provider = null
	ssl.secure.random.implementation = null
	ssl.trustmanager.algorithm = PKIX
	ssl.truststore.certificates = null
	ssl.truststore.location = null
	ssl.truststore.password = null
	ssl.truststore.type = JKS
	value.deserializer = class org.apache.kafka.common.serialization.StringDeserializer

&amp#27;[2m2025-04-05T21:14:14.165+02:00&amp#27;[0;39m &amp#27;[32m INFO&amp#27;[0;39m &amp#27;[35m71730&amp#27;[0;39m &amp#27;[2m---&amp#27;[0;39m &amp#27;[2m[           main]&amp#27;[0;39m &amp#27;[36mo.a.kafka.common.utils.AppInfoParser    &amp#27;[0;39m &amp#27;[2m:&amp#27;[0;39m Kafka version: 3.4.1
&amp#27;[2m2025-04-05T21:14:14.165+02:00&amp#27;[0;39m &amp#27;[32m INFO&amp#27;[0;39m &amp#27;[35m71730&amp#27;[0;39m &amp#27;[2m---&amp#27;[0;39m &amp#27;[2m[           main]&amp#27;[0;39m &amp#27;[36mo.a.kafka.common.utils.AppInfoParser    &amp#27;[0;39m &amp#27;[2m:&amp#27;[0;39m Kafka commitId: 8a516edc2755df89
&amp#27;[2m2025-04-05T21:14:14.165+02:00&amp#27;[0;39m &amp#27;[32m INFO&amp#27;[0;39m &amp#27;[35m71730&amp#27;[0;39m &amp#27;[2m---&amp#27;[0;39m &amp#27;[2m[           main]&amp#27;[0;39m &amp#27;[36mo.a.kafka.common.utils.AppInfoParser    &amp#27;[0;39m &amp#27;[2m:&amp#27;[0;39m Kafka startTimeMs: 1743880454165
&amp#27;[2m2025-04-05T21:14:14.165+02:00&amp#27;[0;39m &amp#27;[32m INFO&amp#27;[0;39m &amp#27;[35m71730&amp#27;[0;39m &amp#27;[2m---&amp#27;[0;39m &amp#27;[2m[           main]&amp#27;[0;39m &amp#27;[36mo.a.k.clients.consumer.KafkaConsumer    &amp#27;[0;39m &amp#27;[2m:&amp#27;[0;39m [Consumer clientId=consumer-customer-group-4, groupId=customer-group] Subscribed to topic(s): payment-failed-topic
&amp#27;[2m2025-04-05T21:14:14.166+02:00&amp#27;[0;39m &amp#27;[32m INFO&amp#27;[0;39m &amp#27;[35m71730&amp#27;[0;39m &amp#27;[2m---&amp#27;[0;39m &amp#27;[2m[           main]&amp#27;[0;39m &amp#27;[36mo.a.k.clients.consumer.ConsumerConfig   &amp#27;[0;39m &amp#27;[2m:&amp#27;[0;39m ConsumerConfig values: 
	allow.auto.create.topics = true
	auto.commit.interval.ms = 5000
	auto.include.jmx.reporter = true
	auto.offset.reset = latest
	bootstrap.servers = [localhost:9092]
	check.crcs = true
	client.dns.lookup = use_all_dns_ips
	client.id = consumer-customer-group-5
	client.rack = 
	connections.max.idle.ms = 540000
	default.api.timeout.ms = 60000
	enable.auto.commit = false
	exclude.internal.topics = true
	fetch.max.bytes = 52428800
	fetch.max.wait.ms = 500
	fetch.min.bytes = 1
	group.id = customer-group
	group.instance.id = null
	heartbeat.interval.ms = 3000
	interceptor.classes = []
	internal.leave.group.on.close = true
	internal.throw.on.fetch.stable.offset.unsupported = false
	isolation.level = read_uncommitted
	key.deserializer = class org.apache.kafka.common.serialization.StringDeserializer
	max.partition.fetch.bytes = 1048576
	max.poll.interval.ms = 300000
	max.poll.records = 500
	metadata.max.age.ms = 300000
	metric.reporters = []
	metrics.num.samples = 2
	metrics.recording.level = INFO
	metrics.sample.window.ms = 30000
	partition.assignment.strategy = [class org.apache.kafka.clients.consumer.RangeAssignor, class org.apache.kafka.clients.consumer.CooperativeStickyAssignor]
	receive.buffer.bytes = 65536
	reconnect.backoff.max.ms = 1000
	reconnect.backoff.ms = 50
	request.timeout.ms = 30000
	retry.backoff.ms = 100
	sasl.client.callback.handler.class = null
	sasl.jaas.config = null
	sasl.kerberos.kinit.cmd = /usr/bin/kinit
	sasl.kerberos.min.time.before.relogin = 60000
	sasl.kerberos.service.name = null
	sasl.kerberos.ticket.renew.jitter = 0.05
	sasl.kerberos.ticket.renew.window.factor = 0.8
	sasl.login.callback.handler.class = null
	sasl.login.class = null
	sasl.login.connect.timeout.ms = null
	sasl.login.read.timeout.ms = null
	sasl.login.refresh.buffer.seconds = 300
	sasl.login.refresh.min.period.seconds = 60
	sasl.login.refresh.window.factor = 0.8
	sasl.login.refresh.window.jitter = 0.05
	sasl.login.retry.backoff.max.ms = 10000
	sasl.login.retry.backoff.ms = 100
	sasl.mechanism = GSSAPI
	sasl.oauthbearer.clock.skew.seconds = 30
	sasl.oauthbearer.expected.audience = null
	sasl.oauthbearer.expected.issuer = null
	sasl.oauthbearer.jwks.endpoint.refresh.ms = 3600000
	sasl.oauthbearer.jwks.endpoint.retry.backoff.max.ms = 10000
	sasl.oauthbearer.jwks.endpoint.retry.backoff.ms = 100
	sasl.oauthbearer.jwks.endpoint.url = null
	sasl.oauthbearer.scope.claim.name = scope
	sasl.oauthbearer.sub.claim.name = sub
	sasl.oauthbearer.token.endpoint.url = null
	security.protocol = PLAINTEXT
	security.providers = null
	send.buffer.bytes = 131072
	session.timeout.ms = 45000
	socket.connection.setup.timeout.max.ms = 30000
	socket.connection.setup.timeout.ms = 10000
	ssl.cipher.suites = null
	ssl.enabled.protocols = [TLSv1.2, TLSv1.3]
	ssl.endpoint.identification.algorithm = https
	ssl.engine.factory.class = null
	ssl.key.password = null
	ssl.keymanager.algorithm = SunX509
	ssl.keystore.certificate.chain = null
	ssl.keystore.key = null
	ssl.keystore.location = null
	ssl.keystore.password = null
	ssl.keystore.type = JKS
	ssl.protocol = TLSv1.3
	ssl.provider = null
	ssl.secure.random.implementation = null
	ssl.trustmanager.algorithm = PKIX
	ssl.truststore.certificates = null
	ssl.truststore.location = null
	ssl.truststore.password = null
	ssl.truststore.type = JKS
	value.deserializer = class org.apache.kafka.common.serialization.StringDeserializer

&amp#27;[2m2025-04-05T21:14:14.167+02:00&amp#27;[0;39m &amp#27;[32m INFO&amp#27;[0;39m &amp#27;[35m71730&amp#27;[0;39m &amp#27;[2m---&amp#27;[0;39m &amp#27;[2m[           main]&amp#27;[0;39m &amp#27;[36mo.a.kafka.common.utils.AppInfoParser    &amp#27;[0;39m &amp#27;[2m:&amp#27;[0;39m Kafka version: 3.4.1
&amp#27;[2m2025-04-05T21:14:14.167+02:00&amp#27;[0;39m &amp#27;[32m INFO&amp#27;[0;39m &amp#27;[35m71730&amp#27;[0;39m &amp#27;[2m---&amp#27;[0;39m &amp#27;[2m[ntainer#2-0-C-1]&amp#27;[0;39m &amp#27;[36morg.apache.kafka.clients.Metadata       &amp#27;[0;39m &amp#27;[2m:&amp#27;[0;39m [Consumer clientId=consumer-customer-group-4, groupId=customer-group] Resetting the last seen epoch of partition payment-failed-topic-0 to 0 since the associated topicId changed from null to SOpCsdRQTH-bcUqffAG85Q
&amp#27;[2m2025-04-05T21:14:14.167+02:00&amp#27;[0;39m &amp#27;[32m INFO&amp#27;[0;39m &amp#27;[35m71730&amp#27;[0;39m &amp#27;[2m---&amp#27;[0;39m &amp#27;[2m[           main]&amp#27;[0;39m &amp#27;[36mo.a.kafka.common.utils.AppInfoParser    &amp#27;[0;39m &amp#27;[2m:&amp#27;[0;39m Kafka commitId: 8a516edc2755df89
&amp#27;[2m2025-04-05T21:14:14.167+02:00&amp#27;[0;39m &amp#27;[32m INFO&amp#27;[0;39m &amp#27;[35m71730&amp#27;[0;39m &amp#27;[2m---&amp#27;[0;39m &amp#27;[2m[           main]&amp#27;[0;39m &amp#27;[36mo.a.kafka.common.utils.AppInfoParser    &amp#27;[0;39m &amp#27;[2m:&amp#27;[0;39m Kafka startTimeMs: 1743880454167
&amp#27;[2m2025-04-05T21:14:14.167+02:00&amp#27;[0;39m &amp#27;[32m INFO&amp#27;[0;39m &amp#27;[35m71730&amp#27;[0;39m &amp#27;[2m---&amp#27;[0;39m &amp#27;[2m[ntainer#2-0-C-1]&amp#27;[0;39m &amp#27;[36morg.apache.kafka.clients.Metadata       &amp#27;[0;39m &amp#27;[2m:&amp#27;[0;39m [Consumer clientId=consumer-customer-group-4, groupId=customer-group] Cluster ID: xz5TiH0jTBiutyV5gK3DYg
&amp#27;[2m2025-04-05T21:14:14.167+02:00&amp#27;[0;39m &amp#27;[32m INFO&amp#27;[0;39m &amp#27;[35m71730&amp#27;[0;39m &amp#27;[2m---&amp#27;[0;39m &amp#27;[2m[           main]&amp#27;[0;39m &amp#27;[36mo.a.k.clients.consumer.KafkaConsumer    &amp#27;[0;39m &amp#27;[2m:&amp#27;[0;39m [Consumer clientId=consumer-customer-group-5, groupId=customer-group] Subscribed to topic(s): delivery-notification-topic
&amp#27;[2m2025-04-05T21:14:14.167+02:00&amp#27;[0;39m &amp#27;[32m INFO&amp#27;[0;39m &amp#27;[35m71730&amp#27;[0;39m &amp#27;[2m---&amp#27;[0;39m &amp#27;[2m[ntainer#2-0-C-1]&amp#27;[0;39m &amp#27;[36mo.a.k.c.c.internals.ConsumerCoordinator &amp#27;[0;39m &amp#27;[2m:&amp#27;[0;39m [Consumer clientId=consumer-customer-group-4, groupId=customer-group] Discovered group coordinator qimingdeair:9092 (id: 2147483647 rack: null)
&amp#27;[2m2025-04-05T21:14:14.167+02:00&amp#27;[0;39m &amp#27;[32m INFO&amp#27;[0;39m &amp#27;[35m71730&amp#27;[0;39m &amp#27;[2m---&amp#27;[0;39m &amp#27;[2m[ntainer#2-0-C-1]&amp#27;[0;39m &amp#27;[36mo.a.k.c.c.internals.ConsumerCoordinator &amp#27;[0;39m &amp#27;[2m:&amp#27;[0;39m [Consumer clientId=consumer-customer-group-4, groupId=customer-group] (Re-)joining group
&amp#27;[2m2025-04-05T21:14:14.168+02:00&amp#27;[0;39m &amp#27;[32m INFO&amp#27;[0;39m &amp#27;[35m71730&amp#27;[0;39m &amp#27;[2m---&amp#27;[0;39m &amp#27;[2m[           main]&amp#27;[0;39m &amp#27;[36mo.a.k.clients.consumer.ConsumerConfig   &amp#27;[0;39m &amp#27;[2m:&amp#27;[0;39m ConsumerConfig values: 
	allow.auto.create.topics = true
	auto.commit.interval.ms = 5000
	auto.include.jmx.reporter = true
	auto.offset.reset = latest
	bootstrap.servers = [localhost:9092]
	check.crcs = true
	client.dns.lookup = use_all_dns_ips
	client.id = consumer-customer-group-6
	client.rack = 
	connections.max.idle.ms = 540000
	default.api.timeout.ms = 60000
	enable.auto.commit = false
	exclude.internal.topics = true
	fetch.max.bytes = 52428800
	fetch.max.wait.ms = 500
	fetch.min.bytes = 1
	group.id = customer-group
	group.instance.id = null
	heartbeat.interval.ms = 3000
	interceptor.classes = []
	internal.leave.group.on.close = true
	internal.throw.on.fetch.stable.offset.unsupported = false
	isolation.level = read_uncommitted
	key.deserializer = class org.apache.kafka.common.serialization.StringDeserializer
	max.partition.fetch.bytes = 1048576
	max.poll.interval.ms = 300000
	max.poll.records = 500
	metadata.max.age.ms = 300000
	metric.reporters = []
	metrics.num.samples = 2
	metrics.recording.level = INFO
	metrics.sample.window.ms = 30000
	partition.assignment.strategy = [class org.apache.kafka.clients.consumer.RangeAssignor, class org.apache.kafka.clients.consumer.CooperativeStickyAssignor]
	receive.buffer.bytes = 65536
	reconnect.backoff.max.ms = 1000
	reconnect.backoff.ms = 50
	request.timeout.ms = 30000
	retry.backoff.ms = 100
	sasl.client.callback.handler.class = null
	sasl.jaas.config = null
	sasl.kerberos.kinit.cmd = /usr/bin/kinit
	sasl.kerberos.min.time.before.relogin = 60000
	sasl.kerberos.service.name = null
	sasl.kerberos.ticket.renew.jitter = 0.05
	sasl.kerberos.ticket.renew.window.factor = 0.8
	sasl.login.callback.handler.class = null
	sasl.login.class = null
	sasl.login.connect.timeout.ms = null
	sasl.login.read.timeout.ms = null
	sasl.login.refresh.buffer.seconds = 300
	sasl.login.refresh.min.period.seconds = 60
	sasl.login.refresh.window.factor = 0.8
	sasl.login.refresh.window.jitter = 0.05
	sasl.login.retry.backoff.max.ms = 10000
	sasl.login.retry.backoff.ms = 100
	sasl.mechanism = GSSAPI
	sasl.oauthbearer.clock.skew.seconds = 30
	sasl.oauthbearer.expected.audience = null
	sasl.oauthbearer.expected.issuer = null
	sasl.oauthbearer.jwks.endpoint.refresh.ms = 3600000
	sasl.oauthbearer.jwks.endpoint.retry.backoff.max.ms = 10000
	sasl.oauthbearer.jwks.endpoint.retry.backoff.ms = 100
	sasl.oauthbearer.jwks.endpoint.url = null
	sasl.oauthbearer.scope.claim.name = scope
	sasl.oauthbearer.sub.claim.name = sub
	sasl.oauthbearer.token.endpoint.url = null
	security.protocol = PLAINTEXT
	security.providers = null
	send.buffer.bytes = 131072
	session.timeout.ms = 45000
	socket.connection.setup.timeout.max.ms = 30000
	socket.connection.setup.timeout.ms = 10000
	ssl.cipher.suites = null
	ssl.enabled.protocols = [TLSv1.2, TLSv1.3]
	ssl.endpoint.identification.algorithm = https
	ssl.engine.factory.class = null
	ssl.key.password = null
	ssl.keymanager.algorithm = SunX509
	ssl.keystore.certificate.chain = null
	ssl.keystore.key = null
	ssl.keystore.location = null
	ssl.keystore.password = null
	ssl.keystore.type = JKS
	ssl.protocol = TLSv1.3
	ssl.provider = null
	ssl.secure.random.implementation = null
	ssl.trustmanager.algorithm = PKIX
	ssl.truststore.certificates = null
	ssl.truststore.location = null
	ssl.truststore.password = null
	ssl.truststore.type = JKS
	value.deserializer = class org.apache.kafka.common.serialization.StringDeserializer

&amp#27;[2m2025-04-05T21:14:14.169+02:00&amp#27;[0;39m &amp#27;[32m INFO&amp#27;[0;39m &amp#27;[35m71730&amp#27;[0;39m &amp#27;[2m---&amp#27;[0;39m &amp#27;[2m[           main]&amp#27;[0;39m &amp#27;[36mo.a.kafka.common.utils.AppInfoParser    &amp#27;[0;39m &amp#27;[2m:&amp#27;[0;39m Kafka version: 3.4.1
&amp#27;[2m2025-04-05T21:14:14.169+02:00&amp#27;[0;39m &amp#27;[32m INFO&amp#27;[0;39m &amp#27;[35m71730&amp#27;[0;39m &amp#27;[2m---&amp#27;[0;39m &amp#27;[2m[           main]&amp#27;[0;39m &amp#27;[36mo.a.kafka.common.utils.AppInfoParser    &amp#27;[0;39m &amp#27;[2m:&amp#27;[0;39m Kafka commitId: 8a516edc2755df89
&amp#27;[2m2025-04-05T21:14:14.169+02:00&amp#27;[0;39m &amp#27;[32m INFO&amp#27;[0;39m &amp#27;[35m71730&amp#27;[0;39m &amp#27;[2m---&amp#27;[0;39m &amp#27;[2m[           main]&amp#27;[0;39m &amp#27;[36mo.a.kafka.common.utils.AppInfoParser    &amp#27;[0;39m &amp#27;[2m:&amp#27;[0;39m Kafka startTimeMs: 1743880454169
&amp#27;[2m2025-04-05T21:14:14.169+02:00&amp#27;[0;39m &amp#27;[32m INFO&amp#27;[0;39m &amp#27;[35m71730&amp#27;[0;39m &amp#27;[2m---&amp#27;[0;39m &amp#27;[2m[ntainer#0-0-C-1]&amp#27;[0;39m &amp#27;[36morg.apache.kafka.clients.Metadata       &amp#27;[0;39m &amp#27;[2m:&amp#27;[0;39m [Consumer clientId=consumer-customer-group-5, groupId=customer-group] Resetting the last seen epoch of partition delivery-notification-topic-0 to 0 since the associated topicId changed from null to BHXCYabeQ4WKn7CQFThi1Q
&amp#27;[2m2025-04-05T21:14:14.169+02:00&amp#27;[0;39m &amp#27;[32m INFO&amp#27;[0;39m &amp#27;[35m71730&amp#27;[0;39m &amp#27;[2m---&amp#27;[0;39m &amp#27;[2m[           main]&amp#27;[0;39m &amp#27;[36mo.a.k.clients.consumer.KafkaConsumer    &amp#27;[0;39m &amp#27;[2m:&amp#27;[0;39m [Consumer clientId=consumer-customer-group-6, groupId=customer-group] Subscribed to topic(s): payment-confirmed-topic
&amp#27;[2m2025-04-05T21:14:14.169+02:00&amp#27;[0;39m &amp#27;[32m INFO&amp#27;[0;39m &amp#27;[35m71730&amp#27;[0;39m &amp#27;[2m---&amp#27;[0;39m &amp#27;[2m[ntainer#0-0-C-1]&amp#27;[0;39m &amp#27;[36morg.apache.kafka.clients.Metadata       &amp#27;[0;39m &amp#27;[2m:&amp#27;[0;39m [Consumer clientId=consumer-customer-group-5, groupId=customer-group] Cluster ID: xz5TiH0jTBiutyV5gK3DYg
&amp#27;[2m2025-04-05T21:14:14.170+02:00&amp#27;[0;39m &amp#27;[32m INFO&amp#27;[0;39m &amp#27;[35m71730&amp#27;[0;39m &amp#27;[2m---&amp#27;[0;39m &amp#27;[2m[ntainer#2-0-C-1]&amp#27;[0;39m &amp#27;[36mo.a.k.c.c.internals.ConsumerCoordinator &amp#27;[0;39m &amp#27;[2m:&amp#27;[0;39m [Consumer clientId=consumer-customer-group-4, groupId=customer-group] Request joining group due to: need to re-join with the given member-id: consumer-customer-group-4-b262e0db-ccc1-4c30-b734-d3aa14677425
&amp#27;[2m2025-04-05T21:14:14.170+02:00&amp#27;[0;39m &amp#27;[32m INFO&amp#27;[0;39m &amp#27;[35m71730&amp#27;[0;39m &amp#27;[2m---&amp#27;[0;39m &amp#27;[2m[ntainer#0-0-C-1]&amp#27;[0;39m &amp#27;[36mo.a.k.c.c.internals.ConsumerCoordinator &amp#27;[0;39m &amp#27;[2m:&amp#27;[0;39m [Consumer clientId=consumer-customer-group-5, groupId=customer-group] Discovered group coordinator qimingdeair:9092 (id: 2147483647 rack: null)
&amp#27;[2m2025-04-05T21:14:14.170+02:00&amp#27;[0;39m &amp#27;[32m INFO&amp#27;[0;39m &amp#27;[35m71730&amp#27;[0;39m &amp#27;[2m---&amp#27;[0;39m &amp#27;[2m[ntainer#2-0-C-1]&amp#27;[0;39m &amp#27;[36mo.a.k.c.c.internals.ConsumerCoordinator &amp#27;[0;39m &amp#27;[2m:&amp#27;[0;39m [Consumer clientId=consumer-customer-group-4, groupId=customer-group] Request joining group due to: rebalance failed due to 'The group member needs to have a valid member id before actually entering a consumer group.' (MemberIdRequiredException)
&amp#27;[2m2025-04-05T21:14:14.170+02:00&amp#27;[0;39m &amp#27;[32m INFO&amp#27;[0;39m &amp#27;[35m71730&amp#27;[0;39m &amp#27;[2m---&amp#27;[0;39m &amp#27;[2m[ntainer#2-0-C-1]&amp#27;[0;39m &amp#27;[36mo.a.k.c.c.internals.ConsumerCoordinator &amp#27;[0;39m &amp#27;[2m:&amp#27;[0;39m [Consumer clientId=consumer-customer-group-4, groupId=customer-group] (Re-)joining group
&amp#27;[2m2025-04-05T21:14:14.170+02:00&amp#27;[0;39m &amp#27;[32m INFO&amp#27;[0;39m &amp#27;[35m71730&amp#27;[0;39m &amp#27;[2m---&amp#27;[0;39m &amp#27;[2m[ntainer#0-0-C-1]&amp#27;[0;39m &amp#27;[36mo.a.k.c.c.internals.ConsumerCoordinator &amp#27;[0;39m &amp#27;[2m:&amp#27;[0;39m [Consumer clientId=consumer-customer-group-5, groupId=customer-group] (Re-)joining group
&amp#27;[2m2025-04-05T21:14:14.171+02:00&amp#27;[0;39m &amp#27;[32m INFO&amp#27;[0;39m &amp#27;[35m71730&amp#27;[0;39m &amp#27;[2m---&amp#27;[0;39m &amp#27;[2m[           main]&amp#27;[0;39m &amp#27;[36mc.example.customer.CustomerServiceTest  &amp#27;[0;39m &amp#27;[2m:&amp#27;[0;39m Started CustomerServiceTest in 0.127 seconds (process running for 2.18)
&amp#27;[2m2025-04-05T21:14:14.172+02:00&amp#27;[0;39m &amp#27;[32m INFO&amp#27;[0;39m &amp#27;[35m71730&amp#27;[0;39m &amp#27;[2m---&amp#27;[0;39m &amp#27;[2m[ntainer#1-0-C-1]&amp#27;[0;39m &amp#27;[36morg.apache.kafka.clients.Metadata       &amp#27;[0;39m &amp#27;[2m:&amp#27;[0;39m [Consumer clientId=consumer-customer-group-6, groupId=customer-group] Resetting the last seen epoch of partition payment-confirmed-topic-0 to 0 since the associated topicId changed from null to 3BJPVtQ0T5iDA68WGmh7Lw
&amp#27;[2m2025-04-05T21:14:14.172+02:00&amp#27;[0;39m &amp#27;[32m INFO&amp#27;[0;39m &amp#27;[35m71730&amp#27;[0;39m &amp#27;[2m---&amp#27;[0;39m &amp#27;[2m[ntainer#1-0-C-1]&amp#27;[0;39m &amp#27;[36morg.apache.kafka.clients.Metadata       &amp#27;[0;39m &amp#27;[2m:&amp#27;[0;39m [Consumer clientId=consumer-customer-group-6, groupId=customer-group] Cluster ID: xz5TiH0jTBiutyV5gK3DYg
&amp#27;[2m2025-04-05T21:14:14.172+02:00&amp#27;[0;39m &amp#27;[32m INFO&amp#27;[0;39m &amp#27;[35m71730&amp#27;[0;39m &amp#27;[2m---&amp#27;[0;39m &amp#27;[2m[ntainer#0-0-C-1]&amp#27;[0;39m &amp#27;[36mo.a.k.c.c.internals.ConsumerCoordinator &amp#27;[0;39m &amp#27;[2m:&amp#27;[0;39m [Consumer clientId=consumer-customer-group-5, groupId=customer-group] Request joining group due to: need to re-join with the given member-id: consumer-customer-group-5-2474a9d7-7b55-4c35-91e1-960c54affe04
&amp#27;[2m2025-04-05T21:14:14.172+02:00&amp#27;[0;39m &amp#27;[32m INFO&amp#27;[0;39m &amp#27;[35m71730&amp#27;[0;39m &amp#27;[2m---&amp#27;[0;39m &amp#27;[2m[ntainer#1-0-C-1]&amp#27;[0;39m &amp#27;[36mo.a.k.c.c.internals.ConsumerCoordinator &amp#27;[0;39m &amp#27;[2m:&amp#27;[0;39m [Consumer clientId=consumer-customer-group-6, groupId=customer-group] Discovered group coordinator qimingdeair:9092 (id: 2147483647 rack: null)
&amp#27;[2m2025-04-05T21:14:14.172+02:00&amp#27;[0;39m &amp#27;[32m INFO&amp#27;[0;39m &amp#27;[35m71730&amp#27;[0;39m &amp#27;[2m---&amp#27;[0;39m &amp#27;[2m[ntainer#0-0-C-1]&amp#27;[0;39m &amp#27;[36mo.a.k.c.c.internals.ConsumerCoordinator &amp#27;[0;39m &amp#27;[2m:&amp#27;[0;39m [Consumer clientId=consumer-customer-group-5, groupId=customer-group] Request joining group due to: rebalance failed due to 'The group member needs to have a valid member id before actually entering a consumer group.' (MemberIdRequiredException)
&amp#27;[2m2025-04-05T21:14:14.172+02:00&amp#27;[0;39m &amp#27;[32m INFO&amp#27;[0;39m &amp#27;[35m71730&amp#27;[0;39m &amp#27;[2m---&amp#27;[0;39m &amp#27;[2m[ntainer#0-0-C-1]&amp#27;[0;39m &amp#27;[36mo.a.k.c.c.internals.ConsumerCoordinator &amp#27;[0;39m &amp#27;[2m:&amp#27;[0;39m [Consumer clientId=consumer-customer-group-5, groupId=customer-group] (Re-)joining group
&amp#27;[2m2025-04-05T21:14:14.172+02:00&amp#27;[0;39m &amp#27;[32m INFO&amp#27;[0;39m &amp#27;[35m71730&amp#27;[0;39m &amp#27;[2m---&amp#27;[0;39m &amp#27;[2m[ntainer#1-0-C-1]&amp#27;[0;39m &amp#27;[36mo.a.k.c.c.internals.ConsumerCoordinator &amp#27;[0;39m &amp#27;[2m:&amp#27;[0;39m [Consumer clientId=consumer-customer-group-6, groupId=customer-group] (Re-)joining group
&amp#27;[2m2025-04-05T21:14:14.174+02:00&amp#27;[0;39m &amp#27;[32m INFO&amp#27;[0;39m &amp#27;[35m71730&amp#27;[0;39m &amp#27;[2m---&amp#27;[0;39m &amp#27;[2m[ntainer#1-0-C-1]&amp#27;[0;39m &amp#27;[36mo.a.k.c.c.internals.ConsumerCoordinator &amp#27;[0;39m &amp#27;[2m:&amp#27;[0;39m [Consumer clientId=consumer-customer-group-6, groupId=customer-group] Request joining group due to: need to re-join with the given member-id: consumer-customer-group-6-f55d774d-9c15-44cd-a007-a5989be848f0
&amp#27;[2m2025-04-05T21:14:14.174+02:00&amp#27;[0;39m &amp#27;[32m INFO&amp#27;[0;39m &amp#27;[35m71730&amp#27;[0;39m &amp#27;[2m---&amp#27;[0;39m &amp#27;[2m[ntainer#1-0-C-1]&amp#27;[0;39m &amp#27;[36mo.a.k.c.c.internals.ConsumerCoordinator &amp#27;[0;39m &amp#27;[2m:&amp#27;[0;39m [Consumer clientId=consumer-customer-group-6, groupId=customer-group] Request joining group due to: rebalance failed due to 'The group member needs to have a valid member id before actually entering a consumer group.' (MemberIdRequiredException)
&amp#27;[2m2025-04-05T21:14:14.174+02:00&amp#27;[0;39m &amp#27;[32m INFO&amp#27;[0;39m &amp#27;[35m71730&amp#27;[0;39m &amp#27;[2m---&amp#27;[0;39m &amp#27;[2m[ntainer#1-0-C-1]&amp#27;[0;39m &amp#27;[36mo.a.k.c.c.internals.ConsumerCoordinator &amp#27;[0;39m &amp#27;[2m:&amp#27;[0;39m [Consumer clientId=consumer-customer-group-6, groupId=customer-group] (Re-)joining group
&amp#27;[2m2025-04-05T21:14:14.207+02:00&amp#27;[0;39m &amp#27;[32m INFO&amp#27;[0;39m &amp#27;[35m71730&amp#27;[0;39m &amp#27;[2m---&amp#27;[0;39m &amp#27;[2m[           main]&amp#27;[0;39m &amp#27;[36mo.a.k.clients.producer.ProducerConfig   &amp#27;[0;39m &amp#27;[2m:&amp#27;[0;39m ProducerConfig values: 
	acks = -1
	auto.include.jmx.reporter = true
	batch.size = 16384
	bootstrap.servers = [localhost:9092]
	buffer.memory = 33554432
	client.dns.lookup = use_all_dns_ips
	client.id = producer-1
	compression.type = none
	connections.max.idle.ms = 540000
	delivery.timeout.ms = 120000
	enable.idempotence = true
	interceptor.classes = []
	key.serializer = class org.apache.kafka.common.serialization.StringSerializer
	linger.ms = 0
	max.block.ms = 60000
	max.in.flight.requests.per.connection = 5
	max.request.size = 1048576
	metadata.max.age.ms = 300000
	metadata.max.idle.ms = 300000
	metric.reporters = []
	metrics.num.samples = 2
	metrics.recording.level = INFO
	metrics.sample.window.ms = 30000
	partitioner.adaptive.partitioning.enable = true
	partitioner.availability.timeout.ms = 0
	partitioner.class = null
	partitioner.ignore.keys = false
	receive.buffer.bytes = 32768
	reconnect.backoff.max.ms = 1000
	reconnect.backoff.ms = 50
	request.timeout.ms = 30000
	retries = 2147483647
	retry.backoff.ms = 100
	sasl.client.callback.handler.class = null
	sasl.jaas.config = null
	sasl.kerberos.kinit.cmd = /usr/bin/kinit
	sasl.kerberos.min.time.before.relogin = 60000
	sasl.kerberos.service.name = null
	sasl.kerberos.ticket.renew.jitter = 0.05
	sasl.kerberos.ticket.renew.window.factor = 0.8
	sasl.login.callback.handler.class = null
	sasl.login.class = null
	sasl.login.connect.timeout.ms = null
	sasl.login.read.timeout.ms = null
	sasl.login.refresh.buffer.seconds = 300
	sasl.login.refresh.min.period.seconds = 60
	sasl.login.refresh.window.factor = 0.8
	sasl.login.refresh.window.jitter = 0.05
	sasl.login.retry.backoff.max.ms = 10000
	sasl.login.retry.backoff.ms = 100
	sasl.mechanism = GSSAPI
	sasl.oauthbearer.clock.skew.seconds = 30
	sasl.oauthbearer.expected.audience = null
	sasl.oauthbearer.expected.issuer = null
	sasl.oauthbearer.jwks.endpoint.refresh.ms = 3600000
	sasl.oauthbearer.jwks.endpoint.retry.backoff.max.ms = 10000
	sasl.oauthbearer.jwks.endpoint.retry.backoff.ms = 100
	sasl.oauthbearer.jwks.endpoint.url = null
	sasl.oauthbearer.scope.claim.name = scope
	sasl.oauthbearer.sub.claim.name = sub
	sasl.oauthbearer.token.endpoint.url = null
	security.protocol = PLAINTEXT
	security.providers = null
	send.buffer.bytes = 131072
	socket.connection.setup.timeout.max.ms = 30000
	socket.connection.setup.timeout.ms = 10000
	ssl.cipher.suites = null
	ssl.enabled.protocols = [TLSv1.2, TLSv1.3]
	ssl.endpoint.identification.algorithm = https
	ssl.engine.factory.class = null
	ssl.key.password = null
	ssl.keymanager.algorithm = SunX509
	ssl.keystore.certificate.chain = null
	ssl.keystore.key = null
	ssl.keystore.location = null
	ssl.keystore.password = null
	ssl.keystore.type = JKS
	ssl.protocol = TLSv1.3
	ssl.provider = null
	ssl.secure.random.implementation = null
	ssl.trustmanager.algorithm = PKIX
	ssl.truststore.certificates = null
	ssl.truststore.location = null
	ssl.truststore.password = null
	ssl.truststore.type = JKS
	transaction.timeout.ms = 60000
	transactional.id = null
	value.serializer = class org.apache.kafka.common.serialization.StringSerializer

&amp#27;[2m2025-04-05T21:14:14.210+02:00&amp#27;[0;39m &amp#27;[32m INFO&amp#27;[0;39m &amp#27;[35m71730&amp#27;[0;39m &amp#27;[2m---&amp#27;[0;39m &amp#27;[2m[           main]&amp#27;[0;39m &amp#27;[36mo.a.k.clients.producer.KafkaProducer    &amp#27;[0;39m &amp#27;[2m:&amp#27;[0;39m [Producer clientId=producer-1] Instantiated an idempotent producer.
&amp#27;[2m2025-04-05T21:14:14.213+02:00&amp#27;[0;39m &amp#27;[32m INFO&amp#27;[0;39m &amp#27;[35m71730&amp#27;[0;39m &amp#27;[2m---&amp#27;[0;39m &amp#27;[2m[           main]&amp#27;[0;39m &amp#27;[36mo.a.kafka.common.utils.AppInfoParser    &amp#27;[0;39m &amp#27;[2m:&amp#27;[0;39m Kafka version: 3.4.1
&amp#27;[2m2025-04-05T21:14:14.213+02:00&amp#27;[0;39m &amp#27;[32m INFO&amp#27;[0;39m &amp#27;[35m71730&amp#27;[0;39m &amp#27;[2m---&amp#27;[0;39m &amp#27;[2m[           main]&amp#27;[0;39m &amp#27;[36mo.a.kafka.common.utils.AppInfoParser    &amp#27;[0;39m &amp#27;[2m:&amp#27;[0;39m Kafka commitId: 8a516edc2755df89
&amp#27;[2m2025-04-05T21:14:14.213+02:00&amp#27;[0;39m &amp#27;[32m INFO&amp#27;[0;39m &amp#27;[35m71730&amp#27;[0;39m &amp#27;[2m---&amp#27;[0;39m &amp#27;[2m[           main]&amp#27;[0;39m &amp#27;[36mo.a.kafka.common.utils.AppInfoParser    &amp#27;[0;39m &amp#27;[2m:&amp#27;[0;39m Kafka startTimeMs: 1743880454213
&amp#27;[2m2025-04-05T21:14:14.215+02:00&amp#27;[0;39m &amp#27;[32m INFO&amp#27;[0;39m &amp#27;[35m71730&amp#27;[0;39m &amp#27;[2m---&amp#27;[0;39m &amp#27;[2m[ad | producer-1]&amp#27;[0;39m &amp#27;[36morg.apache.kafka.clients.Metadata       &amp#27;[0;39m &amp#27;[2m:&amp#27;[0;39m [Producer clientId=producer-1] Resetting the last seen epoch of partition delivery-notification-topic-0 to 0 since the associated topicId changed from null to BHXCYabeQ4WKn7CQFThi1Q
&amp#27;[2m2025-04-05T21:14:14.215+02:00&amp#27;[0;39m &amp#27;[32m INFO&amp#27;[0;39m &amp#27;[35m71730&amp#27;[0;39m &amp#27;[2m---&amp#27;[0;39m &amp#27;[2m[ad | producer-1]&amp#27;[0;39m &amp#27;[36morg.apache.kafka.clients.Metadata       &amp#27;[0;39m &amp#27;[2m:&amp#27;[0;39m [Producer clientId=producer-1] Cluster ID: xz5TiH0jTBiutyV5gK3DYg
&amp#27;[2m2025-04-05T21:14:14.215+02:00&amp#27;[0;39m &amp#27;[32m INFO&amp#27;[0;39m &amp#27;[35m71730&amp#27;[0;39m &amp#27;[2m---&amp#27;[0;39m &amp#27;[2m[ad | producer-1]&amp#27;[0;39m &amp#27;[36mo.a.k.c.p.internals.TransactionManager  &amp#27;[0;39m &amp#27;[2m:&amp#27;[0;39m [Producer clientId=producer-1] ProducerId set to 7007 with epoch 0
&amp#27;[2m2025-04-05T21:14:14.252+02:00&amp#27;[0;39m &amp#27;[32m INFO&amp#27;[0;39m &amp#27;[35m71730&amp#27;[0;39m &amp#27;[2m---&amp#27;[0;39m &amp#27;[2m[ntainer#0-0-C-1]&amp#27;[0;39m &amp#27;[36mc.e.c.service.CustomerServiceCore       &amp#27;[0;39m &amp#27;[2m:&amp#27;[0;39m Processed delivery notification for customer: 3
]]></system-out>
  </testcase>
  <testcase name="testProcessPaymentConfirmed" classname="com.example.customer.CustomerServiceTest" time="0.354">
    <system-out><![CDATA[&amp#27;[2m2025-04-05T21:14:14.577+02:00&amp#27;[0;39m &amp#27;[32m INFO&amp#27;[0;39m &amp#27;[35m71730&amp#27;[0;39m &amp#27;[2m---&amp#27;[0;39m &amp#27;[2m[ad | producer-1]&amp#27;[0;39m &amp#27;[36morg.apache.kafka.clients.Metadata       &amp#27;[0;39m &amp#27;[2m:&amp#27;[0;39m [Producer clientId=producer-1] Resetting the last seen epoch of partition payment-confirmed-topic-0 to 0 since the associated topicId changed from null to 3BJPVtQ0T5iDA68WGmh7Lw
&amp#27;[2m2025-04-05T21:14:14.585+02:00&amp#27;[0;39m &amp#27;[32m INFO&amp#27;[0;39m &amp#27;[35m71730&amp#27;[0;39m &amp#27;[2m---&amp#27;[0;39m &amp#27;[2m[ntainer#1-0-C-1]&amp#27;[0;39m &amp#27;[36mc.e.c.service.CustomerServiceCore       &amp#27;[0;39m &amp#27;[2m:&amp#27;[0;39m 传递的ID是: 1
&amp#27;[2m2025-04-05T21:14:14.588+02:00&amp#27;[0;39m &amp#27;[32m INFO&amp#27;[0;39m &amp#27;[35m71730&amp#27;[0;39m &amp#27;[2m---&amp#27;[0;39m &amp#27;[2m[ntainer#1-0-C-1]&amp#27;[0;39m &amp#27;[36mc.e.c.service.CustomerServiceCore       &amp#27;[0;39m &amp#27;[2m:&amp#27;[0;39m Processed payment confirmation for customer: 1
]]></system-out>
  </testcase>
  <testcase name="testProcessPaymentFailed" classname="com.example.customer.CustomerServiceTest" time="0.362">
    <system-out><![CDATA[&amp#27;[2m2025-04-05T21:14:14.934+02:00&amp#27;[0;39m &amp#27;[32m INFO&amp#27;[0;39m &amp#27;[35m71730&amp#27;[0;39m &amp#27;[2m---&amp#27;[0;39m &amp#27;[2m[ad | producer-1]&amp#27;[0;39m &amp#27;[36morg.apache.kafka.clients.Metadata       &amp#27;[0;39m &amp#27;[2m:&amp#27;[0;39m [Producer clientId=producer-1] Resetting the last seen epoch of partition payment-failed-topic-0 to 0 since the associated topicId changed from null to SOpCsdRQTH-bcUqffAG85Q
&amp#27;[2m2025-04-05T21:14:14.942+02:00&amp#27;[0;39m &amp#27;[32m INFO&amp#27;[0;39m &amp#27;[35m71730&amp#27;[0;39m &amp#27;[2m---&amp#27;[0;39m &amp#27;[2m[ntainer#2-0-C-1]&amp#27;[0;39m &amp#27;[36mc.e.c.service.CustomerServiceCore       &amp#27;[0;39m &amp#27;[2m:&amp#27;[0;39m Processed payment failure for customer: 2
]]></system-out>
  </testcase>
</testsuite>